
> em-calculator@0.1.0 start /Users/chitchu/Documents/Repo/em-calculator
> react-scripts start

Starting the development server...

Compiled successfully!

The app is running at:

  http://localhost:3000/

Note that the development build is not optimized.
To create a production build, use yarn run build.


> em-calculator@0.1.0 start /Users/chitchu/Documents/Repo/em-calculator
> react-scripts start

Starting the development server...

Compiled successfully!

The app is running at:

  http://localhost:3000/

Note that the development build is not optimized.
To create a production build, use yarn run build.


> em-calculator@0.1.0 start /Users/chitchu/Documents/Repo/em-calculator
> react-scripts start

Starting the development server...

Compiled successfully!

The app is running at:

  http://localhost:3000/

Note that the development build is not optimized.
To create a production build, use yarn run build.


> em-calculator@0.1.0 start /Users/chitchu/Documents/Repo/em-calculator
> react-scripts start

Starting the development server...

Compiled successfully!

The app is running at:

  http://localhost:3000/

Note that the development build is not optimized.
To create a production build, use yarn run build.

